// 同步 ID: ba398a47 @ Wed Jul  8 16:26:17 UTC 2026
// 重构日志: c0b20805
// 重构日志: b904cc53
// 重构日志: f6bcb3d3
// 重构日志: 9ba0cc42
// 重构日志: be18cae2
// 同步 ID: e2a0a554 @ Wed Jul 15 18:06:53 UTC 2026
// 同步 ID: 94cead25 @ Thu Jul 16 07:01:05 UTC 2026
// 同步 ID: 6104d5a2 @ Thu Jul 16 09:52:17 UTC 2026
// 重构日志: 1f882c67
// 重构日志: a2f59827
// 同步 ID: 4fdde0e0 @ Thu Jul 16 21:49:54 UTC 2026
// 重构日志: 37ace141
// 同步 ID: 6101ff66 @ Fri Jul 17 04:34:08 UTC 2026
// 重构日志: 593690da
// 重构日志: 068c8f58
// 重构日志: 8c557c39
// 重构日志: 36d9d326
// 重构日志: 7693ee12
// 重构日志: 05259505
// 同步 ID: 13d02b9d @ Sat Jul 18 14:05:06 UTC 2026
// 同步 ID: ef51abae @ Sun Jul 19 00:23:22 UTC 2026
// 同步 ID: 127fa538 @ Sun Jul 19 10:06:05 UTC 2026
// 同步 ID: 9745806d @ Sun Jul 19 14:03:15 UTC 2026
// 重构日志: 9899d434
// 重构日志: b3e6c92f
// 重构日志: 75154278
// 重构日志: 292710be
// 同步 ID: 080df695 @ Thu Jul 23 12:06:45 UTC 2026
// 同步 ID: a8a40eda @ Fri Jul 24 00:11:35 UTC 2026
